1637589318485:exit
1637590372698:produce
1637590378057:produce --version 2
1637590379701:produce --version 3
1637590382581:produce --version 33
1637590385569:stacktrace
1637590399314:exit
1637592971013:produce
1637594574978:produce --version 2
1637594589617:produce --version 3
1637597879879:exit
1637597919252:produce --version 1
1637597921662:produce --version 2
1637597926429:produce --version 3
1637597928806:produce --version 4
1637598000501:exit
1637598337645:produce --version 1
1637598390345:produce --version 2
1637598485678:produce --version 3
1637598515960:produce --version 4
1637598838937:exit
1637599350578:produce
1637599356239:produce --version 2
1637599359632:produce --version 3
1637599362308:produce --version 4
1637599369297:exit
1637601493427:produce --version 1
1637601496460:produce --version 2
1637601499414:produce --version 3
1637601502211:produce --version 4
1637601519816:stacktrace
1637601570414:produce --version 3
1637601958701:exit
1637601969468:produce
1637601976567:produce --version 2
1637601990457:exit
1637601999594:produce --version 2
1637602002873:stacktrace
1637602038718:exit
1637602819574:produce
1637602824275:produce --version 2
1637602826012:produce --version 3
1637602828501:produce --version 4
1637602872183:produce -n --version 4
1637602878003:produce -n 10 --version 4
1637793900057:exit
1637921602814:produce --version 1
1637921611506:produce --version 2
1637921642952:produce --version 3
1637921737066:produce --version 4
1637921983184:produce --version 1
1637922050227:produce --version 2
1637922057572:produce --version 3
1637922082205:produce --version 4
1637922654313:produce --version 1
1637922657614:produce --version 3
1637922659988:produce --version 2
